Total granules found:  136
['https://opendap.earthdata.nasa.gov/collections/C2237824918-ORNL_CLOUD/granules/GEDI_L4A_AGB_Density_V2_1.GEDI04_A_2020008043348_O06074_02_T01148_02_002_02_V002.h5', 'https://opendap.earthdata.nasa.gov/collections/C2237824918-ORNL_CLOUD/granules/GEDI_L4A_AGB_Density_V2_1.GEDI04_A_2020011095715_O06124_03_T00479_02_002_02_V002.h5', 'https://opendap.earthdata.nasa.gov/collections/C2237824918-ORNL_CLOUD/granules/GEDI_L4A_AGB_Density_V2_1.GEDI04_A_2020012025849_O06135_02_T01454_02_002_02_V002.h5']
https://opendap.earthdata.nasa.gov/collections/C2237824918-ORNL_CLOUD/granules/GEDI_L4A_AGB_Density_V2_1.GEDI04_A_2020008043348_O06074_02_T01148_02_002_02_V002.h5 0
https://opendap.earthdata.nasa.gov/collections/C2237824918-ORNL_CLOUD/granules/GEDI_L4A_AGB_Density_V2_1.GEDI04_A_2020011095715_O06124_03_T00479_02_002_02_V002.h5 1
https://opendap.earthdata.nasa.gov/collections/C2237824918-ORNL_CLOUD/granules/GEDI_L4A_AGB_Density_V2_1.GEDI04_A_2020012025849_O06135_02_T01454_02_002_02_V002.h5 2
https://opendap.earthdata.nasa.gov/collections/C2237824918-ORNL_CLOUD/granules/GEDI_L4A_AGB_Density_V2_1.GEDI04_A_2020015082213_O06185_03_T02055_02_002_02_V002.h5 3
https://opendap.earthdata.nasa.gov/collections/C2237824918-ORNL_CLOUD/granules/GEDI_L4A_AGB_Density_V2_1.GEDI04_A_2020016012346_O06196_02_T00184_02_002_02_V002.h5 4
https://opendap.earthdata.nasa.gov/collections/C2237824918-ORNL_CLOUD/granules/GEDI_L4A_AGB_Density_V2_1.GEDI04_A_2020019064709_O06246_03_T00785_02_002_02_V002.h5 5
https://opendap.earthdata.nasa.gov/collections/C2237824918-ORNL_CLOUD/granules/GEDI_L4A_AGB_Density_V2_1.GEDI04_A_2020019234841_O06257_02_T01913_02_002_02_V002.h5 6
https://opendap.earthdata.nasa.gov/collections/C2237824918-ORNL_CLOUD/granules/GEDI_L4A_AGB_Density_V2_1.GEDI04_A_2020023051203_O06307_03_T03937_02_002_02_V002.h5 7
https://opendap.earthdata.nasa.gov/collections/C2237824918-ORNL_CLOUD/granules/GEDI_L4A_AGB_Density_V2_1.GEDI04_A_2020023221343_O06318_02_T02219_02_002_02_V002.h5 8
https://opendap.earthdata.nasa.gov/collections/C2237824918-ORNL_CLOUD/granules/GEDI_L4A_AGB_Density_V2_1.GEDI04_A_2020027033831_O06368_03_T02667_02_002_02_V002.h5 9
Traceback (most recent call last):
  File "/geoinfo_vol1/home/z/h/zhao2/ee_fire_monitoring/main_gedi_client.py", line 16, in <module>
    gedi_client.download('gedi_sample_json/na_json.geojson', file_url_list, id)
  File "/geoinfo_vol1/home/z/h/zhao2/ee_fire_monitoring/GEDIClient/GEDIClient.py", line 122, in download
    ds = nc.Dataset('hyrax', memory=r.content)
  File "src/netCDF4/_netCDF4.pyx", line 2463, in netCDF4._netCDF4.Dataset.__init__
  File "src/netCDF4/_netCDF4.pyx", line 2026, in netCDF4._netCDF4._ensure_nc_success
OSError: [Errno -36] NetCDF: Invalid argument: b'hyrax'
